<?xml version="1.0" encoding="UTF-8"?>
<testsuite name="com.fundoopush.tests.FundooLoginTest" tests="8" skipped="3" failures="3" errors="0" timestamp="2020-01-27T11:55:39" hostname="admin1-H110M-H" time="241.363">
  <properties/>
  <testcase name="givenEmailIDAndPasswordWhenCorrect_Should_LoginIntoFundooPushApplication[0](laxmanbhosale7374@gmail.com, 123456)" classname="com.fundoopush.tests.FundooLoginTest" time="10.089">
    <failure message="org.openqa.selenium.NoSuchElementException: Unable to locate element: #mat\-input\-0&#10;For documentation on this error, please visit: https://www.seleniumhq.org/exceptions/no_such_element.html&#10;Build info: version: '3.141.59', revision: 'e82be7d358', time: '2018-11-14T08:17:03'&#10;System info: host: 'admin1-H110M-H', ip: '127.0.1.1', os.name: 'Linux', os.arch: 'amd64', os.version: '4.15.0-74-generic', java.version: '1.8.0_232'&#10;Driver info: org.openqa.selenium.firefox.FirefoxDriver&#10;Capabilities {acceptInsecureCerts: true, browserName: firefox, browserVersion: 72.0.1, javascriptEnabled: true, moz:accessibilityChecks: false, moz:buildID: 20200107212822, moz:geckodriverVersion: 0.26.0, moz:headless: false, moz:processID: 19209, moz:profile: /tmp/rust_mozprofilem47Qpk, moz:shutdownTimeout: 60000, moz:useNonSpecCompliantPointerOrigin: false, moz:webdriverClick: true, pageLoadStrategy: normal, platform: LINUX, platformName: LINUX, platformVersion: 4.15.0-74-generic, rotatable: false, setWindowRect: true, strictFileInteractability: false, timeouts: {implicit: 0, pageLoad: 300000, script: 30000}, unhandledPromptBehavior: dismiss and notify}&#10;Session ID: 90ea665e-7036-4aa0-974d-e4cf0167cbcc&#10;*** Element info: {Using=id, value=mat-input-0}" type="org.openqa.selenium.NoSuchElementException">org.openqa.selenium.NoSuchElementException: Unable to locate element: #mat\-input\-0
For documentation on this error, please visit: https://www.seleniumhq.org/exceptions/no_such_element.html
Build info: version: '3.141.59', revision: 'e82be7d358', time: '2018-11-14T08:17:03'
System info: host: 'admin1-H110M-H', ip: '127.0.1.1', os.name: 'Linux', os.arch: 'amd64', os.version: '4.15.0-74-generic', java.version: '1.8.0_232'
Driver info: org.openqa.selenium.firefox.FirefoxDriver
Capabilities {acceptInsecureCerts: true, browserName: firefox, browserVersion: 72.0.1, javascriptEnabled: true, moz:accessibilityChecks: false, moz:buildID: 20200107212822, moz:geckodriverVersion: 0.26.0, moz:headless: false, moz:processID: 19209, moz:profile: /tmp/rust_mozprofilem47Qpk, moz:shutdownTimeout: 60000, moz:useNonSpecCompliantPointerOrigin: false, moz:webdriverClick: true, pageLoadStrategy: normal, platform: LINUX, platformName: LINUX, platformVersion: 4.15.0-74-generic, rotatable: false, setWindowRect: true, strictFileInteractability: false, timeouts: {implicit: 0, pageLoad: 300000, script: 30000}, unhandledPromptBehavior: dismiss and notify}
Session ID: 90ea665e-7036-4aa0-974d-e4cf0167cbcc
*** Element info: {Using=id, value=mat-input-0}
	at sun.reflect.NativeConstructorAccessorImpl.newInstance0(Native Method)
	at sun.reflect.NativeConstructorAccessorImpl.newInstance(NativeConstructorAccessorImpl.java:62)
	at sun.reflect.DelegatingConstructorAccessorImpl.newInstance(DelegatingConstructorAccessorImpl.java:45)
	at java.lang.reflect.Constructor.newInstance(Constructor.java:423)
	at org.openqa.selenium.remote.http.W3CHttpResponseCodec.createException(W3CHttpResponseCodec.java:187)
	at org.openqa.selenium.remote.http.W3CHttpResponseCodec.decode(W3CHttpResponseCodec.java:122)
	at org.openqa.selenium.remote.http.W3CHttpResponseCodec.decode(W3CHttpResponseCodec.java:49)
	at org.openqa.selenium.remote.HttpCommandExecutor.execute(HttpCommandExecutor.java:158)
	at org.openqa.selenium.remote.service.DriverCommandExecutor.execute(DriverCommandExecutor.java:83)
	at org.openqa.selenium.remote.RemoteWebDriver.execute(RemoteWebDriver.java:552)
	at org.openqa.selenium.remote.RemoteWebDriver.findElement(RemoteWebDriver.java:323)
	at org.openqa.selenium.remote.RemoteWebDriver.findElementById(RemoteWebDriver.java:372)
	at org.openqa.selenium.By$ById.findElement(By.java:188)
	at org.openqa.selenium.remote.RemoteWebDriver.findElement(RemoteWebDriver.java:315)
	at org.openqa.selenium.support.pagefactory.DefaultElementLocator.findElement(DefaultElementLocator.java:69)
	at org.openqa.selenium.support.pagefactory.internal.LocatingElementHandler.invoke(LocatingElementHandler.java:38)
	at com.sun.proxy.$Proxy13.sendKeys(Unknown Source)
	at com.fundoopush.pages.LoginPage.setEmailValue(LoginPage.java:21)
	at com.fundoopush.tests.FundooLoginTest.givenEmailIDAndPasswordWhenCorrect_Should_LoginIntoFundooPushApplication(FundooLoginTest.java:35)
	at sun.reflect.NativeMethodAccessorImpl.invoke0(Native Method)
	at sun.reflect.NativeMethodAccessorImpl.invoke(NativeMethodAccessorImpl.java:62)
	at sun.reflect.DelegatingMethodAccessorImpl.invoke(DelegatingMethodAccessorImpl.java:43)
	at java.lang.reflect.Method.invoke(Method.java:498)
	at org.testng.internal.MethodInvocationHelper.invokeMethod(MethodInvocationHelper.java:133)
	at org.testng.internal.TestInvoker.invokeMethod(TestInvoker.java:584)
	at org.testng.internal.TestInvoker.invokeTestMethod(TestInvoker.java:172)
	at org.testng.internal.MethodRunner.runInSequence(MethodRunner.java:46)
	at org.testng.internal.TestInvoker$MethodInvocationAgent.invoke(TestInvoker.java:804)
	at org.testng.internal.TestInvoker.invokeTestMethods(TestInvoker.java:145)
	at org.testng.internal.TestMethodWorker.invokeTestMethods(TestMethodWorker.java:146)
	at org.testng.internal.TestMethodWorker.run(TestMethodWorker.java:128)
	at java.util.ArrayList.forEach(ArrayList.java:1257)
	at org.testng.TestRunner.privateRun(TestRunner.java:770)
	at org.testng.TestRunner.run(TestRunner.java:591)
	at org.testng.SuiteRunner.runTest(SuiteRunner.java:402)
	at org.testng.SuiteRunner.runSequentially(SuiteRunner.java:396)
	at org.testng.SuiteRunner.privateRun(SuiteRunner.java:355)
	at org.testng.SuiteRunner.run(SuiteRunner.java:304)
	at org.testng.SuiteRunnerWorker.runSuite(SuiteRunnerWorker.java:53)
	at org.testng.SuiteRunnerWorker.run(SuiteRunnerWorker.java:96)
	at org.testng.TestNG.runSuitesSequentially(TestNG.java:1180)
	at org.testng.TestNG.runSuitesLocally(TestNG.java:1102)
	at org.testng.TestNG.runSuites(TestNG.java:1032)
	at org.testng.TestNG.run(TestNG.java:1000)
	at org.gradle.api.internal.tasks.testing.testng.TestNGTestClassProcessor.runTests(TestNGTestClassProcessor.java:141)
	at org.gradle.api.internal.tasks.testing.testng.TestNGTestClassProcessor.stop(TestNGTestClassProcessor.java:90)
	at org.gradle.api.internal.tasks.testing.SuiteTestClassProcessor.stop(SuiteTestClassProcessor.java:61)
	at sun.reflect.NativeMethodAccessorImpl.invoke0(Native Method)
	at sun.reflect.NativeMethodAccessorImpl.invoke(NativeMethodAccessorImpl.java:62)
	at sun.reflect.DelegatingMethodAccessorImpl.invoke(DelegatingMethodAccessorImpl.java:43)
	at java.lang.reflect.Method.invoke(Method.java:498)
	at org.gradle.internal.dispatch.ReflectionDispatch.dispatch(ReflectionDispatch.java:35)
	at org.gradle.internal.dispatch.ReflectionDispatch.dispatch(ReflectionDispatch.java:24)
	at org.gradle.internal.dispatch.ContextClassLoaderDispatch.dispatch(ContextClassLoaderDispatch.java:32)
	at org.gradle.internal.dispatch.ProxyDispatchAdapter$DispatchingInvocationHandler.invoke(ProxyDispatchAdapter.java:93)
	at com.sun.proxy.$Proxy2.stop(Unknown Source)
	at org.gradle.api.internal.tasks.testing.worker.TestWorker.stop(TestWorker.java:132)
	at sun.reflect.NativeMethodAccessorImpl.invoke0(Native Method)
	at sun.reflect.NativeMethodAccessorImpl.invoke(NativeMethodAccessorImpl.java:62)
	at sun.reflect.DelegatingMethodAccessorImpl.invoke(DelegatingMethodAccessorImpl.java:43)
	at java.lang.reflect.Method.invoke(Method.java:498)
	at org.gradle.internal.dispatch.ReflectionDispatch.dispatch(ReflectionDispatch.java:35)
	at org.gradle.internal.dispatch.ReflectionDispatch.dispatch(ReflectionDispatch.java:24)
	at org.gradle.internal.remote.internal.hub.MessageHubBackedObjectConnection$DispatchWrapper.dispatch(MessageHubBackedObjectConnection.java:175)
	at org.gradle.internal.remote.internal.hub.MessageHubBackedObjectConnection$DispatchWrapper.dispatch(MessageHubBackedObjectConnection.java:157)
	at org.gradle.internal.remote.internal.hub.MessageHub$Handler.run(MessageHub.java:404)
	at org.gradle.internal.concurrent.ExecutorPolicy$CatchAndRecordFailures.onExecute(ExecutorPolicy.java:63)
	at org.gradle.internal.concurrent.ManagedExecutorImpl$1.run(ManagedExecutorImpl.java:46)
	at java.util.concurrent.ThreadPoolExecutor.runWorker(ThreadPoolExecutor.java:1149)
	at java.util.concurrent.ThreadPoolExecutor$Worker.run(ThreadPoolExecutor.java:624)
	at org.gradle.internal.concurrent.ThreadFactoryImpl$ManagedThreadRunnable.run(ThreadFactoryImpl.java:55)
	at java.lang.Thread.run(Thread.java:748)
</failure>
  </testcase>
  <testcase name="givenEmailIDAndPasswordWhenCorrect_Should_LoginIntoFundooPushApplication[1](, )" classname="com.fundoopush.tests.FundooLoginTest" time="0.411"/>
  <testcase name="givenEmailIDAndPasswordWhenCorrect_Should_LoginIntoFundooPushApplication[2](laxmanbhosale7374@gmail.com, )" classname="com.fundoopush.tests.FundooLoginTest" time="0.36"/>
  <testcase name="givenEmailIDAndPasswordWhenCorrect_Should_LoginIntoFundooPushApplication[3](, 123456)" classname="com.fundoopush.tests.FundooLoginTest" time="0.011">
    <failure message="org.openqa.selenium.NoSuchWindowException: Browsing context has been discarded&#10;Build info: version: '3.141.59', revision: 'e82be7d358', time: '2018-11-14T08:17:03'&#10;System info: host: 'admin1-H110M-H', ip: '127.0.1.1', os.name: 'Linux', os.arch: 'amd64', os.version: '4.15.0-74-generic', java.version: '1.8.0_232'&#10;Driver info: org.openqa.selenium.firefox.FirefoxDriver&#10;Capabilities {acceptInsecureCerts: true, browserName: firefox, browserVersion: 72.0.1, javascriptEnabled: true, moz:accessibilityChecks: false, moz:buildID: 20200107212822, moz:geckodriverVersion: 0.26.0, moz:headless: false, moz:processID: 20202, moz:profile: /tmp/rust_mozprofilemOLb3r, moz:shutdownTimeout: 60000, moz:useNonSpecCompliantPointerOrigin: false, moz:webdriverClick: true, pageLoadStrategy: normal, platform: LINUX, platformName: LINUX, platformVersion: 4.15.0-74-generic, rotatable: false, setWindowRect: true, strictFileInteractability: false, timeouts: {implicit: 0, pageLoad: 300000, script: 30000}, unhandledPromptBehavior: dismiss and notify}&#10;Session ID: 83f9096a-b7ae-4c80-b097-fdbabf4df9ea&#10;*** Element info: {Using=id, value=mat-input-0}" type="org.openqa.selenium.NoSuchWindowException">org.openqa.selenium.NoSuchWindowException: Browsing context has been discarded
Build info: version: '3.141.59', revision: 'e82be7d358', time: '2018-11-14T08:17:03'
System info: host: 'admin1-H110M-H', ip: '127.0.1.1', os.name: 'Linux', os.arch: 'amd64', os.version: '4.15.0-74-generic', java.version: '1.8.0_232'
Driver info: org.openqa.selenium.firefox.FirefoxDriver
Capabilities {acceptInsecureCerts: true, browserName: firefox, browserVersion: 72.0.1, javascriptEnabled: true, moz:accessibilityChecks: false, moz:buildID: 20200107212822, moz:geckodriverVersion: 0.26.0, moz:headless: false, moz:processID: 20202, moz:profile: /tmp/rust_mozprofilemOLb3r, moz:shutdownTimeout: 60000, moz:useNonSpecCompliantPointerOrigin: false, moz:webdriverClick: true, pageLoadStrategy: normal, platform: LINUX, platformName: LINUX, platformVersion: 4.15.0-74-generic, rotatable: false, setWindowRect: true, strictFileInteractability: false, timeouts: {implicit: 0, pageLoad: 300000, script: 30000}, unhandledPromptBehavior: dismiss and notify}
Session ID: 83f9096a-b7ae-4c80-b097-fdbabf4df9ea
*** Element info: {Using=id, value=mat-input-0}
	at sun.reflect.NativeConstructorAccessorImpl.newInstance0(Native Method)
	at sun.reflect.NativeConstructorAccessorImpl.newInstance(NativeConstructorAccessorImpl.java:62)
	at sun.reflect.DelegatingConstructorAccessorImpl.newInstance(DelegatingConstructorAccessorImpl.java:45)
	at java.lang.reflect.Constructor.newInstance(Constructor.java:423)
	at org.openqa.selenium.remote.http.W3CHttpResponseCodec.createException(W3CHttpResponseCodec.java:187)
	at org.openqa.selenium.remote.http.W3CHttpResponseCodec.decode(W3CHttpResponseCodec.java:122)
	at org.openqa.selenium.remote.http.W3CHttpResponseCodec.decode(W3CHttpResponseCodec.java:49)
	at org.openqa.selenium.remote.HttpCommandExecutor.execute(HttpCommandExecutor.java:158)
	at org.openqa.selenium.remote.service.DriverCommandExecutor.execute(DriverCommandExecutor.java:83)
	at org.openqa.selenium.remote.RemoteWebDriver.execute(RemoteWebDriver.java:552)
	at org.openqa.selenium.remote.RemoteWebDriver.findElement(RemoteWebDriver.java:323)
	at org.openqa.selenium.remote.RemoteWebDriver.findElementById(RemoteWebDriver.java:372)
	at org.openqa.selenium.By$ById.findElement(By.java:188)
	at org.openqa.selenium.remote.RemoteWebDriver.findElement(RemoteWebDriver.java:315)
	at org.openqa.selenium.support.pagefactory.DefaultElementLocator.findElement(DefaultElementLocator.java:69)
	at org.openqa.selenium.support.pagefactory.internal.LocatingElementHandler.invoke(LocatingElementHandler.java:38)
	at com.sun.proxy.$Proxy13.sendKeys(Unknown Source)
	at com.fundoopush.pages.LoginPage.setEmailValue(LoginPage.java:21)
	at com.fundoopush.tests.FundooLoginTest.givenEmailIDAndPasswordWhenCorrect_Should_LoginIntoFundooPushApplication(FundooLoginTest.java:35)
	at sun.reflect.NativeMethodAccessorImpl.invoke0(Native Method)
	at sun.reflect.NativeMethodAccessorImpl.invoke(NativeMethodAccessorImpl.java:62)
	at sun.reflect.DelegatingMethodAccessorImpl.invoke(DelegatingMethodAccessorImpl.java:43)
	at java.lang.reflect.Method.invoke(Method.java:498)
	at org.testng.internal.MethodInvocationHelper.invokeMethod(MethodInvocationHelper.java:133)
	at org.testng.internal.TestInvoker.invokeMethod(TestInvoker.java:584)
	at org.testng.internal.TestInvoker.invokeTestMethod(TestInvoker.java:172)
	at org.testng.internal.MethodRunner.runInSequence(MethodRunner.java:46)
	at org.testng.internal.TestInvoker$MethodInvocationAgent.invoke(TestInvoker.java:804)
	at org.testng.internal.TestInvoker.invokeTestMethods(TestInvoker.java:145)
	at org.testng.internal.TestMethodWorker.invokeTestMethods(TestMethodWorker.java:146)
	at org.testng.internal.TestMethodWorker.run(TestMethodWorker.java:128)
	at java.util.ArrayList.forEach(ArrayList.java:1257)
	at org.testng.TestRunner.privateRun(TestRunner.java:770)
	at org.testng.TestRunner.run(TestRunner.java:591)
	at org.testng.SuiteRunner.runTest(SuiteRunner.java:402)
	at org.testng.SuiteRunner.runSequentially(SuiteRunner.java:396)
	at org.testng.SuiteRunner.privateRun(SuiteRunner.java:355)
	at org.testng.SuiteRunner.run(SuiteRunner.java:304)
	at org.testng.SuiteRunnerWorker.runSuite(SuiteRunnerWorker.java:53)
	at org.testng.SuiteRunnerWorker.run(SuiteRunnerWorker.java:96)
	at org.testng.TestNG.runSuitesSequentially(TestNG.java:1180)
	at org.testng.TestNG.runSuitesLocally(TestNG.java:1102)
	at org.testng.TestNG.runSuites(TestNG.java:1032)
	at org.testng.TestNG.run(TestNG.java:1000)
	at org.gradle.api.internal.tasks.testing.testng.TestNGTestClassProcessor.runTests(TestNGTestClassProcessor.java:141)
	at org.gradle.api.internal.tasks.testing.testng.TestNGTestClassProcessor.stop(TestNGTestClassProcessor.java:90)
	at org.gradle.api.internal.tasks.testing.SuiteTestClassProcessor.stop(SuiteTestClassProcessor.java:61)
	at sun.reflect.NativeMethodAccessorImpl.invoke0(Native Method)
	at sun.reflect.NativeMethodAccessorImpl.invoke(NativeMethodAccessorImpl.java:62)
	at sun.reflect.DelegatingMethodAccessorImpl.invoke(DelegatingMethodAccessorImpl.java:43)
	at java.lang.reflect.Method.invoke(Method.java:498)
	at org.gradle.internal.dispatch.ReflectionDispatch.dispatch(ReflectionDispatch.java:35)
	at org.gradle.internal.dispatch.ReflectionDispatch.dispatch(ReflectionDispatch.java:24)
	at org.gradle.internal.dispatch.ContextClassLoaderDispatch.dispatch(ContextClassLoaderDispatch.java:32)
	at org.gradle.internal.dispatch.ProxyDispatchAdapter$DispatchingInvocationHandler.invoke(ProxyDispatchAdapter.java:93)
	at com.sun.proxy.$Proxy2.stop(Unknown Source)
	at org.gradle.api.internal.tasks.testing.worker.TestWorker.stop(TestWorker.java:132)
	at sun.reflect.NativeMethodAccessorImpl.invoke0(Native Method)
	at sun.reflect.NativeMethodAccessorImpl.invoke(NativeMethodAccessorImpl.java:62)
	at sun.reflect.DelegatingMethodAccessorImpl.invoke(DelegatingMethodAccessorImpl.java:43)
	at java.lang.reflect.Method.invoke(Method.java:498)
	at org.gradle.internal.dispatch.ReflectionDispatch.dispatch(ReflectionDispatch.java:35)
	at org.gradle.internal.dispatch.ReflectionDispatch.dispatch(ReflectionDispatch.java:24)
	at org.gradle.internal.remote.internal.hub.MessageHubBackedObjectConnection$DispatchWrapper.dispatch(MessageHubBackedObjectConnection.java:175)
	at org.gradle.internal.remote.internal.hub.MessageHubBackedObjectConnection$DispatchWrapper.dispatch(MessageHubBackedObjectConnection.java:157)
	at org.gradle.internal.remote.internal.hub.MessageHub$Handler.run(MessageHub.java:404)
	at org.gradle.internal.concurrent.ExecutorPolicy$CatchAndRecordFailures.onExecute(ExecutorPolicy.java:63)
	at org.gradle.internal.concurrent.ManagedExecutorImpl$1.run(ManagedExecutorImpl.java:46)
	at java.util.concurrent.ThreadPoolExecutor.runWorker(ThreadPoolExecutor.java:1149)
	at java.util.concurrent.ThreadPoolExecutor$Worker.run(ThreadPoolExecutor.java:624)
	at org.gradle.internal.concurrent.ThreadFactoryImpl$ManagedThreadRunnable.run(ThreadFactoryImpl.java:55)
	at java.lang.Thread.run(Thread.java:748)
</failure>
  </testcase>
  <testcase name="tearDown" classname="com.fundoopush.tests.FundooLoginTest" time="4.231">
    <failure message="org.openqa.selenium.WebDriverException: Failed to decode response from marionette&#10;Build info: version: '3.141.59', revision: 'e82be7d358', time: '2018-11-14T08:17:03'&#10;System info: host: 'admin1-H110M-H', ip: '127.0.1.1', os.name: 'Linux', os.arch: 'amd64', os.version: '4.15.0-74-generic', java.version: '1.8.0_232'&#10;Driver info: org.openqa.selenium.firefox.FirefoxDriver&#10;Capabilities {acceptInsecureCerts: true, browserName: firefox, browserVersion: 72.0.1, javascriptEnabled: true, moz:accessibilityChecks: false, moz:buildID: 20200107212822, moz:geckodriverVersion: 0.26.0, moz:headless: false, moz:processID: 20202, moz:profile: /tmp/rust_mozprofilemOLb3r, moz:shutdownTimeout: 60000, moz:useNonSpecCompliantPointerOrigin: false, moz:webdriverClick: true, pageLoadStrategy: normal, platform: LINUX, platformName: LINUX, platformVersion: 4.15.0-74-generic, rotatable: false, setWindowRect: true, strictFileInteractability: false, timeouts: {implicit: 0, pageLoad: 300000, script: 30000}, unhandledPromptBehavior: dismiss and notify}&#10;Session ID: 83f9096a-b7ae-4c80-b097-fdbabf4df9ea" type="org.openqa.selenium.WebDriverException">org.openqa.selenium.WebDriverException: Failed to decode response from marionette
Build info: version: '3.141.59', revision: 'e82be7d358', time: '2018-11-14T08:17:03'
System info: host: 'admin1-H110M-H', ip: '127.0.1.1', os.name: 'Linux', os.arch: 'amd64', os.version: '4.15.0-74-generic', java.version: '1.8.0_232'
Driver info: org.openqa.selenium.firefox.FirefoxDriver
Capabilities {acceptInsecureCerts: true, browserName: firefox, browserVersion: 72.0.1, javascriptEnabled: true, moz:accessibilityChecks: false, moz:buildID: 20200107212822, moz:geckodriverVersion: 0.26.0, moz:headless: false, moz:processID: 20202, moz:profile: /tmp/rust_mozprofilemOLb3r, moz:shutdownTimeout: 60000, moz:useNonSpecCompliantPointerOrigin: false, moz:webdriverClick: true, pageLoadStrategy: normal, platform: LINUX, platformName: LINUX, platformVersion: 4.15.0-74-generic, rotatable: false, setWindowRect: true, strictFileInteractability: false, timeouts: {implicit: 0, pageLoad: 300000, script: 30000}, unhandledPromptBehavior: dismiss and notify}
Session ID: 83f9096a-b7ae-4c80-b097-fdbabf4df9ea
	at sun.reflect.NativeConstructorAccessorImpl.newInstance0(Native Method)
	at sun.reflect.NativeConstructorAccessorImpl.newInstance(NativeConstructorAccessorImpl.java:62)
	at sun.reflect.DelegatingConstructorAccessorImpl.newInstance(DelegatingConstructorAccessorImpl.java:45)
	at java.lang.reflect.Constructor.newInstance(Constructor.java:423)
	at org.openqa.selenium.remote.http.W3CHttpResponseCodec.createException(W3CHttpResponseCodec.java:187)
	at org.openqa.selenium.remote.http.W3CHttpResponseCodec.decode(W3CHttpResponseCodec.java:122)
	at org.openqa.selenium.remote.http.W3CHttpResponseCodec.decode(W3CHttpResponseCodec.java:49)
	at org.openqa.selenium.remote.HttpCommandExecutor.execute(HttpCommandExecutor.java:158)
	at org.openqa.selenium.remote.service.DriverCommandExecutor.execute(DriverCommandExecutor.java:83)
	at org.openqa.selenium.remote.RemoteWebDriver.execute(RemoteWebDriver.java:552)
	at org.openqa.selenium.remote.RemoteWebDriver.execute(RemoteWebDriver.java:609)
	at org.openqa.selenium.remote.RemoteWebDriver.close(RemoteWebDriver.java:442)
	at com.fundoopush.tests.FundooLoginTest.tearDown(FundooLoginTest.java:43)
	at sun.reflect.NativeMethodAccessorImpl.invoke0(Native Method)
	at sun.reflect.NativeMethodAccessorImpl.invoke(NativeMethodAccessorImpl.java:62)
	at sun.reflect.DelegatingMethodAccessorImpl.invoke(DelegatingMethodAccessorImpl.java:43)
	at java.lang.reflect.Method.invoke(Method.java:498)
	at org.testng.internal.MethodInvocationHelper.invokeMethod(MethodInvocationHelper.java:133)
	at org.testng.internal.MethodInvocationHelper.invokeMethodConsideringTimeout(MethodInvocationHelper.java:62)
	at org.testng.internal.ConfigInvoker.invokeConfigurationMethod(ConfigInvoker.java:340)
	at org.testng.internal.ConfigInvoker.invokeConfigurations(ConfigInvoker.java:294)
	at org.testng.internal.TestInvoker.runConfigMethods(TestInvoker.java:683)
	at org.testng.internal.TestInvoker.runAfterGroupsConfigurations(TestInvoker.java:658)
	at org.testng.internal.TestInvoker.invokeMethod(TestInvoker.java:642)
	at org.testng.internal.TestInvoker.invokeTestMethod(TestInvoker.java:172)
	at org.testng.internal.MethodRunner.runInSequence(MethodRunner.java:46)
	at org.testng.internal.TestInvoker$MethodInvocationAgent.invoke(TestInvoker.java:804)
	at org.testng.internal.TestInvoker.invokeTestMethods(TestInvoker.java:145)
	at org.testng.internal.TestMethodWorker.invokeTestMethods(TestMethodWorker.java:146)
	at org.testng.internal.TestMethodWorker.run(TestMethodWorker.java:128)
	at java.util.ArrayList.forEach(ArrayList.java:1257)
	at org.testng.TestRunner.privateRun(TestRunner.java:770)
	at org.testng.TestRunner.run(TestRunner.java:591)
	at org.testng.SuiteRunner.runTest(SuiteRunner.java:402)
	at org.testng.SuiteRunner.runSequentially(SuiteRunner.java:396)
	at org.testng.SuiteRunner.privateRun(SuiteRunner.java:355)
	at org.testng.SuiteRunner.run(SuiteRunner.java:304)
	at org.testng.SuiteRunnerWorker.runSuite(SuiteRunnerWorker.java:53)
	at org.testng.SuiteRunnerWorker.run(SuiteRunnerWorker.java:96)
	at org.testng.TestNG.runSuitesSequentially(TestNG.java:1180)
	at org.testng.TestNG.runSuitesLocally(TestNG.java:1102)
	at org.testng.TestNG.runSuites(TestNG.java:1032)
	at org.testng.TestNG.run(TestNG.java:1000)
	at org.gradle.api.internal.tasks.testing.testng.TestNGTestClassProcessor.runTests(TestNGTestClassProcessor.java:141)
	at org.gradle.api.internal.tasks.testing.testng.TestNGTestClassProcessor.stop(TestNGTestClassProcessor.java:90)
	at org.gradle.api.internal.tasks.testing.SuiteTestClassProcessor.stop(SuiteTestClassProcessor.java:61)
	at sun.reflect.NativeMethodAccessorImpl.invoke0(Native Method)
	at sun.reflect.NativeMethodAccessorImpl.invoke(NativeMethodAccessorImpl.java:62)
	at sun.reflect.DelegatingMethodAccessorImpl.invoke(DelegatingMethodAccessorImpl.java:43)
	at java.lang.reflect.Method.invoke(Method.java:498)
	at org.gradle.internal.dispatch.ReflectionDispatch.dispatch(ReflectionDispatch.java:35)
	at org.gradle.internal.dispatch.ReflectionDispatch.dispatch(ReflectionDispatch.java:24)
	at org.gradle.internal.dispatch.ContextClassLoaderDispatch.dispatch(ContextClassLoaderDispatch.java:32)
	at org.gradle.internal.dispatch.ProxyDispatchAdapter$DispatchingInvocationHandler.invoke(ProxyDispatchAdapter.java:93)
	at com.sun.proxy.$Proxy2.stop(Unknown Source)
	at org.gradle.api.internal.tasks.testing.worker.TestWorker.stop(TestWorker.java:132)
	at sun.reflect.NativeMethodAccessorImpl.invoke0(Native Method)
	at sun.reflect.NativeMethodAccessorImpl.invoke(NativeMethodAccessorImpl.java:62)
	at sun.reflect.DelegatingMethodAccessorImpl.invoke(DelegatingMethodAccessorImpl.java:43)
	at java.lang.reflect.Method.invoke(Method.java:498)
	at org.gradle.internal.dispatch.ReflectionDispatch.dispatch(ReflectionDispatch.java:35)
	at org.gradle.internal.dispatch.ReflectionDispatch.dispatch(ReflectionDispatch.java:24)
	at org.gradle.internal.remote.internal.hub.MessageHubBackedObjectConnection$DispatchWrapper.dispatch(MessageHubBackedObjectConnection.java:175)
	at org.gradle.internal.remote.internal.hub.MessageHubBackedObjectConnection$DispatchWrapper.dispatch(MessageHubBackedObjectConnection.java:157)
	at org.gradle.internal.remote.internal.hub.MessageHub$Handler.run(MessageHub.java:404)
	at org.gradle.internal.concurrent.ExecutorPolicy$CatchAndRecordFailures.onExecute(ExecutorPolicy.java:63)
	at org.gradle.internal.concurrent.ManagedExecutorImpl$1.run(ManagedExecutorImpl.java:46)
	at java.util.concurrent.ThreadPoolExecutor.runWorker(ThreadPoolExecutor.java:1149)
	at java.util.concurrent.ThreadPoolExecutor$Worker.run(ThreadPoolExecutor.java:624)
	at org.gradle.internal.concurrent.ThreadFactoryImpl$ManagedThreadRunnable.run(ThreadFactoryImpl.java:55)
	at java.lang.Thread.run(Thread.java:748)
</failure>
  </testcase>
  <testcase name="givenEmailIDAndPasswordWhenCorrect_Should_LoginIntoFundooPushApplication" classname="com.fundoopush.tests.FundooLoginTest" time="0.0">
    <skipped/>
  </testcase>
  <testcase name="givenEmailIDAndPasswordWhenCorrect_Should_LoginIntoFundooPushApplication" classname="com.fundoopush.tests.FundooLoginTest" time="0.0">
    <skipped/>
  </testcase>
  <testcase name="givenEmailIDAndPasswordWhenCorrect_Should_LoginIntoFundooPushApplication" classname="com.fundoopush.tests.FundooLoginTest" time="0.0">
    <skipped/>
  </testcase>
  <system-out><![CDATA[01-27-2020 17:24:16 RequestAddCookies.java DEBUG [Test worker] protocol.RequestAddCookies 123 - CookieSpec selected: standard
01-27-2020 17:24:16 RequestAuthCache.java DEBUG [Test worker] protocol.RequestAuthCache 77 - Auth cache not set in the context
01-27-2020 17:24:16 PoolingHttpClientConnectionManager.java DEBUG [Test worker] conn.PoolingHttpClientConnectionManager 265 - Connection request: [route: {s}->https://raw.githubusercontent.com:443][total kept alive: 0; route allocated: 0 of 2; total allocated: 0 of 20]
01-27-2020 17:24:16 PoolingHttpClientConnectionManager.java DEBUG [Test worker] conn.PoolingHttpClientConnectionManager 309 - Connection leased: [id: 0][route: {s}->https://raw.githubusercontent.com:443][total kept alive: 0; route allocated: 1 of 2; total allocated: 1 of 20]
01-27-2020 17:24:16 MainClientExec.java DEBUG [Test worker] execchain.MainClientExec 235 - Opening connection {s}->https://raw.githubusercontent.com:443
01-27-2020 17:24:16 DefaultHttpClientConnectionOperator.java DEBUG [Test worker] conn.DefaultHttpClientConnectionOperator 139 - Connecting to raw.githubusercontent.com/151.101.152.133:443
01-27-2020 17:24:16 SSLConnectionSocketFactory.java DEBUG [Test worker] ssl.SSLConnectionSocketFactory 337 - Connecting socket to raw.githubusercontent.com/151.101.152.133:443 with timeout 0
01-27-2020 17:24:16 SSLConnectionSocketFactory.java DEBUG [Test worker] ssl.SSLConnectionSocketFactory 390 - Enabled protocols: [TLSv1, TLSv1.1, TLSv1.2]
01-27-2020 17:24:16 SSLConnectionSocketFactory.java DEBUG [Test worker] ssl.SSLConnectionSocketFactory 391 - Enabled cipher suites:[TLS_ECDHE_ECDSA_WITH_AES_256_CBC_SHA384, TLS_ECDHE_RSA_WITH_AES_256_CBC_SHA384, TLS_RSA_WITH_AES_256_CBC_SHA256, TLS_ECDH_ECDSA_WITH_AES_256_CBC_SHA384, TLS_ECDH_RSA_WITH_AES_256_CBC_SHA384, TLS_DHE_RSA_WITH_AES_256_CBC_SHA256, TLS_DHE_DSS_WITH_AES_256_CBC_SHA256, TLS_ECDHE_ECDSA_WITH_AES_256_CBC_SHA, TLS_ECDHE_RSA_WITH_AES_256_CBC_SHA, TLS_RSA_WITH_AES_256_CBC_SHA, TLS_ECDH_ECDSA_WITH_AES_256_CBC_SHA, TLS_ECDH_RSA_WITH_AES_256_CBC_SHA, TLS_DHE_RSA_WITH_AES_256_CBC_SHA, TLS_DHE_DSS_WITH_AES_256_CBC_SHA, TLS_ECDHE_ECDSA_WITH_AES_128_CBC_SHA256, TLS_ECDHE_RSA_WITH_AES_128_CBC_SHA256, TLS_RSA_WITH_AES_128_CBC_SHA256, TLS_ECDH_ECDSA_WITH_AES_128_CBC_SHA256, TLS_ECDH_RSA_WITH_AES_128_CBC_SHA256, TLS_DHE_RSA_WITH_AES_128_CBC_SHA256, TLS_DHE_DSS_WITH_AES_128_CBC_SHA256, TLS_ECDHE_ECDSA_WITH_AES_128_CBC_SHA, TLS_ECDHE_RSA_WITH_AES_128_CBC_SHA, TLS_RSA_WITH_AES_128_CBC_SHA, TLS_ECDH_ECDSA_WITH_AES_128_CBC_SHA, TLS_ECDH_RSA_WITH_AES_128_CBC_SHA, TLS_DHE_RSA_WITH_AES_128_CBC_SHA, TLS_DHE_DSS_WITH_AES_128_CBC_SHA, TLS_ECDHE_ECDSA_WITH_AES_256_GCM_SHA384, TLS_ECDHE_ECDSA_WITH_AES_128_GCM_SHA256, TLS_ECDHE_RSA_WITH_AES_256_GCM_SHA384, TLS_RSA_WITH_AES_256_GCM_SHA384, TLS_ECDH_ECDSA_WITH_AES_256_GCM_SHA384, TLS_ECDH_RSA_WITH_AES_256_GCM_SHA384, TLS_DHE_RSA_WITH_AES_256_GCM_SHA384, TLS_DHE_DSS_WITH_AES_256_GCM_SHA384, TLS_ECDHE_RSA_WITH_AES_128_GCM_SHA256, TLS_RSA_WITH_AES_128_GCM_SHA256, TLS_ECDH_ECDSA_WITH_AES_128_GCM_SHA256, TLS_ECDH_RSA_WITH_AES_128_GCM_SHA256, TLS_DHE_RSA_WITH_AES_128_GCM_SHA256, TLS_DHE_DSS_WITH_AES_128_GCM_SHA256, TLS_EMPTY_RENEGOTIATION_INFO_SCSV]
01-27-2020 17:24:16 SSLConnectionSocketFactory.java DEBUG [Test worker] ssl.SSLConnectionSocketFactory 395 - Starting handshake
01-27-2020 17:24:17 SSLConnectionSocketFactory.java DEBUG [Test worker] ssl.SSLConnectionSocketFactory 425 - Secure session established
01-27-2020 17:24:17 SSLConnectionSocketFactory.java DEBUG [Test worker] ssl.SSLConnectionSocketFactory 426 -  negotiated protocol: TLSv1.2
01-27-2020 17:24:17 SSLConnectionSocketFactory.java DEBUG [Test worker] ssl.SSLConnectionSocketFactory 427 -  negotiated cipher suite: TLS_ECDHE_RSA_WITH_AES_128_GCM_SHA256
01-27-2020 17:24:17 SSLConnectionSocketFactory.java DEBUG [Test worker] ssl.SSLConnectionSocketFactory 435 -  peer principal: CN=www.github.com, O="GitHub, Inc.", L=San Francisco, ST=California, C=US
01-27-2020 17:24:17 SSLConnectionSocketFactory.java DEBUG [Test worker] ssl.SSLConnectionSocketFactory 444 -  peer alternative names: [www.github.com, *.github.com, github.com, *.github.io, github.io, *.githubusercontent.com, githubusercontent.com]
01-27-2020 17:24:17 SSLConnectionSocketFactory.java DEBUG [Test worker] ssl.SSLConnectionSocketFactory 448 -  issuer principal: CN=DigiCert SHA2 High Assurance Server CA, OU=www.digicert.com, O=DigiCert Inc, C=US
01-27-2020 17:24:17 DefaultHttpClientConnectionOperator.java DEBUG [Test worker] conn.DefaultHttpClientConnectionOperator 146 - Connection established 192.168.0.157:41724<->151.101.152.133:443
01-27-2020 17:24:17 LoggingManagedHttpClientConnection.java DEBUG [Test worker] conn.DefaultManagedHttpClientConnection 88 - http-outgoing-0: set socket timeout to 30000
01-27-2020 17:24:17 MainClientExec.java DEBUG [Test worker] execchain.MainClientExec 256 - Executing request GET /bonigarcia/webdrivermanager/master/src/main/resources/versions.properties HTTP/1.1
01-27-2020 17:24:17 MainClientExec.java DEBUG [Test worker] execchain.MainClientExec 261 - Target auth state: UNCHALLENGED
01-27-2020 17:24:17 MainClientExec.java DEBUG [Test worker] execchain.MainClientExec 267 - Proxy auth state: UNCHALLENGED
01-27-2020 17:24:17 LoggingManagedHttpClientConnection.java DEBUG [Test worker] http.headers 133 - http-outgoing-0 >> GET /bonigarcia/webdrivermanager/master/src/main/resources/versions.properties HTTP/1.1
01-27-2020 17:24:17 LoggingManagedHttpClientConnection.java DEBUG [Test worker] http.headers 136 - http-outgoing-0 >> User-Agent: Apache-HttpClient/4.5.6
01-27-2020 17:24:17 LoggingManagedHttpClientConnection.java DEBUG [Test worker] http.headers 136 - http-outgoing-0 >> Connection: keep-alive
01-27-2020 17:24:17 LoggingManagedHttpClientConnection.java DEBUG [Test worker] http.headers 136 - http-outgoing-0 >> Host: raw.githubusercontent.com
01-27-2020 17:24:17 LoggingManagedHttpClientConnection.java DEBUG [Test worker] http.headers 136 - http-outgoing-0 >> Accept-Encoding: gzip,deflate
01-27-2020 17:24:17 Wire.java DEBUG [Test worker] http.wire 73 - http-outgoing-0 >> "GET /bonigarcia/webdrivermanager/master/src/main/resources/versions.properties HTTP/1.1[\r][\n]"
01-27-2020 17:24:17 Wire.java DEBUG [Test worker] http.wire 73 - http-outgoing-0 >> "User-Agent: Apache-HttpClient/4.5.6[\r][\n]"
01-27-2020 17:24:17 Wire.java DEBUG [Test worker] http.wire 73 - http-outgoing-0 >> "Connection: keep-alive[\r][\n]"
01-27-2020 17:24:17 Wire.java DEBUG [Test worker] http.wire 73 - http-outgoing-0 >> "Host: raw.githubusercontent.com[\r][\n]"
01-27-2020 17:24:17 Wire.java DEBUG [Test worker] http.wire 73 - http-outgoing-0 >> "Accept-Encoding: gzip,deflate[\r][\n]"
01-27-2020 17:24:17 Wire.java DEBUG [Test worker] http.wire 73 - http-outgoing-0 >> "[\r][\n]"
01-27-2020 17:24:17 Wire.java DEBUG [Test worker] http.wire 73 - http-outgoing-0 << "HTTP/1.1 200 OK[\r][\n]"
01-27-2020 17:24:17 Wire.java DEBUG [Test worker] http.wire 73 - http-outgoing-0 << "Content-Type: text/plain; charset=utf-8[\r][\n]"
01-27-2020 17:24:17 Wire.java DEBUG [Test worker] http.wire 73 - http-outgoing-0 << "Content-Security-Policy: default-src 'none'; style-src 'unsafe-inline'; sandbox[\r][\n]"
01-27-2020 17:24:17 Wire.java DEBUG [Test worker] http.wire 73 - http-outgoing-0 << "Strict-Transport-Security: max-age=31536000[\r][\n]"
01-27-2020 17:24:17 Wire.java DEBUG [Test worker] http.wire 73 - http-outgoing-0 << "X-Content-Type-Options: nosniff[\r][\n]"
01-27-2020 17:24:17 Wire.java DEBUG [Test worker] http.wire 73 - http-outgoing-0 << "X-Frame-Options: deny[\r][\n]"
01-27-2020 17:24:17 Wire.java DEBUG [Test worker] http.wire 73 - http-outgoing-0 << "X-XSS-Protection: 1; mode=block[\r][\n]"
01-27-2020 17:24:17 Wire.java DEBUG [Test worker] http.wire 73 - http-outgoing-0 << "ETag: W/"d2fc0b653dc98ed9127de7dc8ed76240ac9311c98a0222de66487b20c7e7dc0f"[\r][\n]"
01-27-2020 17:24:17 Wire.java DEBUG [Test worker] http.wire 73 - http-outgoing-0 << "Cache-Control: max-age=300[\r][\n]"
01-27-2020 17:24:17 Wire.java DEBUG [Test worker] http.wire 73 - http-outgoing-0 << "X-Geo-Block-List:[\r][\n]"
01-27-2020 17:24:17 Wire.java DEBUG [Test worker] http.wire 73 - http-outgoing-0 << "Via: 1.1 varnish-v4[\r][\n]"
01-27-2020 17:24:17 Wire.java DEBUG [Test worker] http.wire 73 - http-outgoing-0 << "Content-Encoding: gzip[\r][\n]"
01-27-2020 17:24:17 Wire.java DEBUG [Test worker] http.wire 73 - http-outgoing-0 << "X-GitHub-Request-Id: DA62:70FF:3D116:503AD:5E2ECCBE[\r][\n]"
01-27-2020 17:24:17 Wire.java DEBUG [Test worker] http.wire 73 - http-outgoing-0 << "Content-Length: 724[\r][\n]"
01-27-2020 17:24:17 Wire.java DEBUG [Test worker] http.wire 73 - http-outgoing-0 << "Accept-Ranges: bytes[\r][\n]"
01-27-2020 17:24:17 Wire.java DEBUG [Test worker] http.wire 73 - http-outgoing-0 << "Date: Mon, 27 Jan 2020 11:54:17 GMT[\r][\n]"
01-27-2020 17:24:17 Wire.java DEBUG [Test worker] http.wire 73 - http-outgoing-0 << "Via: 1.1 varnish[\r][\n]"
01-27-2020 17:24:17 Wire.java DEBUG [Test worker] http.wire 73 - http-outgoing-0 << "Connection: keep-alive[\r][\n]"
01-27-2020 17:24:17 Wire.java DEBUG [Test worker] http.wire 73 - http-outgoing-0 << "X-Served-By: cache-bom18224-BOM[\r][\n]"
01-27-2020 17:24:17 Wire.java DEBUG [Test worker] http.wire 73 - http-outgoing-0 << "X-Cache: HIT[\r][\n]"
01-27-2020 17:24:17 Wire.java DEBUG [Test worker] http.wire 73 - http-outgoing-0 << "X-Cache-Hits: 10[\r][\n]"
01-27-2020 17:24:17 Wire.java DEBUG [Test worker] http.wire 73 - http-outgoing-0 << "X-Timer: S1580126058.557651,VS0,VE0[\r][\n]"
01-27-2020 17:24:17 Wire.java DEBUG [Test worker] http.wire 73 - http-outgoing-0 << "Vary: Authorization,Accept-Encoding, Accept-Encoding[\r][\n]"
01-27-2020 17:24:17 Wire.java DEBUG [Test worker] http.wire 73 - http-outgoing-0 << "Access-Control-Allow-Origin: *[\r][\n]"
01-27-2020 17:24:17 Wire.java DEBUG [Test worker] http.wire 73 - http-outgoing-0 << "X-Fastly-Request-ID: 94e92563ab265a3be953e2a25c2a7148bafd9ea4[\r][\n]"
01-27-2020 17:24:17 Wire.java DEBUG [Test worker] http.wire 73 - http-outgoing-0 << "Expires: Mon, 27 Jan 2020 11:59:17 GMT[\r][\n]"
01-27-2020 17:24:17 Wire.java DEBUG [Test worker] http.wire 73 - http-outgoing-0 << "Source-Age: 49[\r][\n]"
01-27-2020 17:24:17 Wire.java DEBUG [Test worker] http.wire 73 - http-outgoing-0 << "[\r][\n]"
01-27-2020 17:24:17 Wire.java DEBUG [Test worker] http.wire 73 - http-outgoing-0 << "[0x1f][0x8b][0x8][0x0][0x0][0x0][0x0][0x0][0x0][0x3][0x8d][0x95][0xcb]n[0xdb]0[0x10]E[0xf7][0xfe][\n]"
01-27-2020 17:24:17 Wire.java DEBUG [Test worker] http.wire 73 - http-outgoing-0 << "[0x2][0xd9][0xb4][0x8b]P|H[0xa4]d[0x80][0x9b]>WA[0x17][0xed][0xf][0xc8]6m[0xb][0x91]M[0x83][0x92][0xe3][0xb6]_[0xdf][0x19][0xbe][0xa2][0x18]-[0xd0][0xe5]=[0x1a][0x92][0xd7][0x1c][0xde][0xf1][0x3][0xf9]q[0x1c]&[0xb2][0x1f]FK[0xb6][0xee]<[0xf7][0xc3]y"[0xf3][0xd1][0x92][0xe7][0xb3][0xbb][0x9d][0xc9][0x8b][0xf5][0xd3][0xe0][0x0][0xed][0x9d]';?[0xa0]&[0xef]6[0xc3][0xb9][0xf7][0xbf][0xde][0xc3][0x82][0xd3][0xa5][0x9f][0x87][\r][0xac][0xbd][\r][0xf3]1[0xac][0xdb]:[0xef][0xed]tq[0xe7][0xdd]p>[0x90][0x8d]w[0xb7][0xc9][0xfa][0xbc][0xcf]j[0xf5]@>D[0xb4]&_[0x9d];[0xc0][0xca][0x8f]G[0xef]N[0x96]<[0x92]Oa[0xfb]5[0xd9][0x6][0x10][0xf][0x83][0xfa][0xef][0xee][0xea][0xb7]vM[0x8e][0xf3]|YW[0xd5][0xf2]+[\r]b[0xb8][0x9e][0xa8][0xf3][0x87]j[0x7][0x86]G[0xd7][0xef][0xa6]U[0xac]i[0x99]i[0x19]eTv[0xad][0xa6]\%[0xaa];[0xa3][0xbb]@[0xeb][0x86][0xca]B[[0xa3][0xdb]@YM9kr[0xb1]6Z#nUCk[0x96][0xa9]2Z[0x5][0xca]:[0xca]E[0xd9][0xa3]1[0xba]A[0xac]5[0xa3][0xfc][0xb5][0xba]6[0xba][0xe]Xt[0xb4][0xd4]J[0xa3]%B[0xd5]J[0xaa][0xda][0xbc][0xb1]0[0x82][0xd6][0xa5][0x86][0xbf]Q[0xc]U6[0xa6]:TuZ[0xa7]ZT"+[0x8d][0x8a]g[0xa5]Pe[0xeb][0xaa][0x1]%[0xf3]y[0xaa]F[0xa5]s[0xa5]D[0x95]OW[0xe8]E[0x96][0xf3][0xd0][0x8b],[0xe7][0xa1][0x17])[0xdf]t[0xf3][0xc9][0xfd][0x1e][0xc6][0xb1]'_[0x6]o[0xf7][0xee][0xe7][0xa2][0x9f][0x7][0xbb]}v]]>&#x7f;<![CDATA[m[0xe7][0x4][0xfd]<[0xc0][0xc3][0xb9]n(<[0xa5][0xea][0x14][0xb7][0xa8][0x16][0xb]*oG[0xdb]OvZ[0xed][0xe3][0xbe]Z[0x18]F[0x5][0xdc]~[0x1][0xfc][0x1e][0xb0];[0x0]w[0xf5]v[0x9]\[0x17][0x0]hU[0xde]Ci[0x4][0xd0][0xa4][0x2][0xd4]=h[0xee]A[0x8d][0x0]ZX[0x96][0xc8]{[0x10][0x9c][0x8a]EEp[0xca][0x17] 8][0x80]&8][0x82][0xe0]t[0x9][0x82][0xd3]%[0x8]N[0xe1][0x99]g[0x1f]Mp[0x8a]`[0x99][0xb5]o[0x17][0xeb][0xfb]EO[0x1c][0xea][0xff][0xe9]I([0x9c][0xdc]~[0xbe][0xf5][0xde]VA[0xe5][0xd0][0xc5][0xe5][0xaf][0x1d][\n]"
01-27-2020 17:24:17 Wire.java DEBUG [Test worker] http.wire 73 - http-outgoing-0 << "[0x1f][0x15]d[0xa3][0xc4]Kw[0xab][0x8]![0x19]%][0xad]N[0x10]rQ[0xb2][0xc5][0x5]K[0x14][0x82][0xf1][0x9a]-)[0x12][0x15][0xcb]h[0xb1]\[0x9b]"[0x11][0xce][0x80][0xbb][0xb][0xf9][0x88]"[0x5]"[0x8a][0x94][0x87](R[0x1c][0xa2]Hi[0x88]"[0x85]![0x8a][0x94][0x85](R[0x14][0xa2][0x8]I[0x90][0xe9][0x9c][0x14][0x84][0xf0][0xa5]F[0x7][0xd9]q[0x8d][0xe]d2Z[0xa3][0x3][0x91].[0xa3]F[0x7] [0x96][0xed]y[0x1a][0xb6][0xde][0xe1]-[0x93][0xcf][0xbb][0xc3]r[0x16][0x9e]&[0xb][0xe0][0x9f][0x8d][0xda][0xd9][0x17];[0xe2][0xe1][0xf4][0x94]w[0x8]I[0xb2][0xe7][0xc7][0xeb]T[0x15][0xf6][0x88][0x9b]T[0xb3]s[0xe3]T[0xdd][0xec]&5n[0x85][0xb4][0xc]I[0xc5]qJ *[0x13][0x92][0xe3][0xf3][0xe]$MG[0x81][\r][0x8b]$[\r]F![0xb]IC[0x91][0xc3]@K5i[0x1e]r[0xd9][0xc1][0x83][0xc][0xcb][0xea][0xda]\[0xbc]}[0x84][0xff][0x98][0xb9][0x1f]G[0xbb][0x8b]P[0x18]E[0xb9][0xe6]0^B[\r]7[\r][0x8c]k[0xd1]uQ2[0x3][0x13][0xb9]aJ[0x6])[#a[0xb8][0xca].J[0x81][0x1d][0x84]y[0xdd][0xaa][0xf0]U0[0xc3]A[\n]"
01-27-2020 17:24:17 Wire.java DEBUG [Test worker] http.wire 87 - http-outgoing-0 << "[0xf8]%]]>&#x7f;<![CDATA[[0x0][.K[0xa0][0xd9][0x6][0x0][0x0]"
01-27-2020 17:24:17 LoggingManagedHttpClientConnection.java DEBUG [Test worker] http.headers 122 - http-outgoing-0 << HTTP/1.1 200 OK
01-27-2020 17:24:17 LoggingManagedHttpClientConnection.java DEBUG [Test worker] http.headers 125 - http-outgoing-0 << Content-Type: text/plain; charset=utf-8
01-27-2020 17:24:17 LoggingManagedHttpClientConnection.java DEBUG [Test worker] http.headers 125 - http-outgoing-0 << Content-Security-Policy: default-src 'none'; style-src 'unsafe-inline'; sandbox
01-27-2020 17:24:17 LoggingManagedHttpClientConnection.java DEBUG [Test worker] http.headers 125 - http-outgoing-0 << Strict-Transport-Security: max-age=31536000
01-27-2020 17:24:17 LoggingManagedHttpClientConnection.java DEBUG [Test worker] http.headers 125 - http-outgoing-0 << X-Content-Type-Options: nosniff
01-27-2020 17:24:17 LoggingManagedHttpClientConnection.java DEBUG [Test worker] http.headers 125 - http-outgoing-0 << X-Frame-Options: deny
01-27-2020 17:24:17 LoggingManagedHttpClientConnection.java DEBUG [Test worker] http.headers 125 - http-outgoing-0 << X-XSS-Protection: 1; mode=block
01-27-2020 17:24:17 LoggingManagedHttpClientConnection.java DEBUG [Test worker] http.headers 125 - http-outgoing-0 << ETag: W/"d2fc0b653dc98ed9127de7dc8ed76240ac9311c98a0222de66487b20c7e7dc0f"
01-27-2020 17:24:17 LoggingManagedHttpClientConnection.java DEBUG [Test worker] http.headers 125 - http-outgoing-0 << Cache-Control: max-age=300
01-27-2020 17:24:17 LoggingManagedHttpClientConnection.java DEBUG [Test worker] http.headers 125 - http-outgoing-0 << X-Geo-Block-List:
01-27-2020 17:24:17 LoggingManagedHttpClientConnection.java DEBUG [Test worker] http.headers 125 - http-outgoing-0 << Via: 1.1 varnish-v4
01-27-2020 17:24:17 LoggingManagedHttpClientConnection.java DEBUG [Test worker] http.headers 125 - http-outgoing-0 << Content-Encoding: gzip
01-27-2020 17:24:17 LoggingManagedHttpClientConnection.java DEBUG [Test worker] http.headers 125 - http-outgoing-0 << X-GitHub-Request-Id: DA62:70FF:3D116:503AD:5E2ECCBE
01-27-2020 17:24:17 LoggingManagedHttpClientConnection.java DEBUG [Test worker] http.headers 125 - http-outgoing-0 << Content-Length: 724
01-27-2020 17:24:17 LoggingManagedHttpClientConnection.java DEBUG [Test worker] http.headers 125 - http-outgoing-0 << Accept-Ranges: bytes
01-27-2020 17:24:17 LoggingManagedHttpClientConnection.java DEBUG [Test worker] http.headers 125 - http-outgoing-0 << Date: Mon, 27 Jan 2020 11:54:17 GMT
01-27-2020 17:24:17 LoggingManagedHttpClientConnection.java DEBUG [Test worker] http.headers 125 - http-outgoing-0 << Via: 1.1 varnish
01-27-2020 17:24:17 LoggingManagedHttpClientConnection.java DEBUG [Test worker] http.headers 125 - http-outgoing-0 << Connection: keep-alive
01-27-2020 17:24:17 LoggingManagedHttpClientConnection.java DEBUG [Test worker] http.headers 125 - http-outgoing-0 << X-Served-By: cache-bom18224-BOM
01-27-2020 17:24:17 LoggingManagedHttpClientConnection.java DEBUG [Test worker] http.headers 125 - http-outgoing-0 << X-Cache: HIT
01-27-2020 17:24:17 LoggingManagedHttpClientConnection.java DEBUG [Test worker] http.headers 125 - http-outgoing-0 << X-Cache-Hits: 10
01-27-2020 17:24:17 LoggingManagedHttpClientConnection.java DEBUG [Test worker] http.headers 125 - http-outgoing-0 << X-Timer: S1580126058.557651,VS0,VE0
01-27-2020 17:24:17 LoggingManagedHttpClientConnection.java DEBUG [Test worker] http.headers 125 - http-outgoing-0 << Vary: Authorization,Accept-Encoding, Accept-Encoding
01-27-2020 17:24:17 LoggingManagedHttpClientConnection.java DEBUG [Test worker] http.headers 125 - http-outgoing-0 << Access-Control-Allow-Origin: *
01-27-2020 17:24:17 LoggingManagedHttpClientConnection.java DEBUG [Test worker] http.headers 125 - http-outgoing-0 << X-Fastly-Request-ID: 94e92563ab265a3be953e2a25c2a7148bafd9ea4
01-27-2020 17:24:17 LoggingManagedHttpClientConnection.java DEBUG [Test worker] http.headers 125 - http-outgoing-0 << Expires: Mon, 27 Jan 2020 11:59:17 GMT
01-27-2020 17:24:17 LoggingManagedHttpClientConnection.java DEBUG [Test worker] http.headers 125 - http-outgoing-0 << Source-Age: 49
01-27-2020 17:24:17 MainClientExec.java DEBUG [Test worker] execchain.MainClientExec 285 - Connection can be kept alive indefinitely
01-27-2020 17:24:17 PoolingHttpClientConnectionManager.java DEBUG [Test worker] conn.PoolingHttpClientConnectionManager 341 - Connection [id: 0][route: {s}->https://raw.githubusercontent.com:443] can be kept alive indefinitely
01-27-2020 17:24:17 LoggingManagedHttpClientConnection.java DEBUG [Test worker] conn.DefaultManagedHttpClientConnection 88 - http-outgoing-0: set socket timeout to 0
01-27-2020 17:24:17 PoolingHttpClientConnectionManager.java DEBUG [Test worker] conn.PoolingHttpClientConnectionManager 348 - Connection released: [id: 0][route: {s}->https://raw.githubusercontent.com:443][total kept alive: 1; route allocated: 1 of 2; total allocated: 1 of 20]
01-27-2020 17:25:39 FundooLoginTest.java INFO  [Test worker] tests.FundooLoginTest 34 - Login operation started
01-27-2020 17:27:20 FundooLoginTest.java INFO  [Test worker] tests.FundooLoginTest 34 - Login operation started
01-27-2020 17:27:21 FundooLoginTest.java INFO  [Test worker] tests.FundooLoginTest 38 - login operation ended
01-27-2020 17:27:23 PoolingHttpClientConnectionManager.java DEBUG [Finalizer] conn.PoolingHttpClientConnectionManager 408 - Connection manager is shutting down
01-27-2020 17:27:23 PoolingHttpClientConnectionManager.java DEBUG [Finalizer] conn.PoolingHttpClientConnectionManager 414 - Connection manager shut down
01-27-2020 17:29:11 FundooLoginTest.java INFO  [Test worker] tests.FundooLoginTest 34 - Login operation started
01-27-2020 17:29:11 FundooLoginTest.java INFO  [Test worker] tests.FundooLoginTest 38 - login operation ended
01-27-2020 17:29:37 FundooLoginTest.java INFO  [Test worker] tests.FundooLoginTest 34 - Login operation started
]]></system-out>
  <system-err><![CDATA[SLF4J: Failed to load class "org.slf4j.impl.StaticLoggerBinder".
SLF4J: Defaulting to no-operation (NOP) logger implementation
SLF4J: See http://www.slf4j.org/codes.html#StaticLoggerBinder for further details.
1580126059437	mozrunner::runner	INFO	Running command: "/usr/lib/firefox/firefox" "-marionette" "-foreground" "-no-remote" "-profile" "/tmp/rust_mozprofilem47Qpk"
1580126063546	addons.webextension.doh-rollout@mozilla.org	WARN	Loading extension 'doh-rollout@mozilla.org': Reading manifest: Invalid extension permission: networkStatus
1580126064410	addons.webextension.screenshots@mozilla.org	WARN	Loading extension 'screenshots@mozilla.org': Reading manifest: Invalid extension permission: mozillaAddons
1580126064410	addons.webextension.screenshots@mozilla.org	WARN	Loading extension 'screenshots@mozilla.org': Reading manifest: Invalid extension permission: telemetry
1580126064415	addons.webextension.screenshots@mozilla.org	WARN	Loading extension 'screenshots@mozilla.org': Reading manifest: Invalid extension permission: resource://pdf.js/
1580126064415	addons.webextension.screenshots@mozilla.org	WARN	Loading extension 'screenshots@mozilla.org': Reading manifest: Invalid extension permission: about:reader*
1580126073284	Marionette	INFO	Listening on port 44751
1580126073371	Marionette	WARN	TLS certificate errors will be ignored for this session
Jan 27, 2020 5:24:33 PM org.openqa.selenium.remote.ProtocolHandshake createSession
INFO: Detected dialect: W3C
JavaScript warning: https://fundoopush-dev.bridgelabz.com/main.js, line 6616: unreachable code after return statement
JavaScript warning: https://fundoopush-dev.bridgelabz.com/main.js, line 6622: unreachable code after return statement
1580126150179	mozrunner::runner	INFO	Running command: "/usr/lib/firefox/firefox" "-marionette" "-foreground" "-no-remote" "-profile" "/tmp/rust_mozprofileO6sfFy"
1580126150765	addons.webextension.doh-rollout@mozilla.org	WARN	Loading extension 'doh-rollout@mozilla.org': Reading manifest: Invalid extension permission: networkStatus
1580126150885	addons.webextension.screenshots@mozilla.org	WARN	Loading extension 'screenshots@mozilla.org': Reading manifest: Invalid extension permission: mozillaAddons
1580126150885	addons.webextension.screenshots@mozilla.org	WARN	Loading extension 'screenshots@mozilla.org': Reading manifest: Invalid extension permission: telemetry
1580126150885	addons.webextension.screenshots@mozilla.org	WARN	Loading extension 'screenshots@mozilla.org': Reading manifest: Invalid extension permission: resource://pdf.js/
1580126150886	addons.webextension.screenshots@mozilla.org	WARN	Loading extension 'screenshots@mozilla.org': Reading manifest: Invalid extension permission: about:reader*
1580126153489	Marionette	INFO	Listening on port 33021
1580126153503	Marionette	WARN	TLS certificate errors will be ignored for this session
Jan 27, 2020 5:25:53 PM org.openqa.selenium.remote.ProtocolHandshake createSession
INFO: Detected dialect: W3C
JavaScript warning: https://fundoopush-dev.bridgelabz.com/main.js, line 6616: unreachable code after return statement
JavaScript warning: https://fundoopush-dev.bridgelabz.com/main.js, line 6622: unreachable code after return statement
1580126241362	Marionette	INFO	Stopped listening on port 33021
JavaScript error: , line 0: UnknownError: The operation failed for reasons unrelated to the database itself and not covered by any other error code.
1580126243093	mozrunner::runner	INFO	Running command: "/usr/lib/firefox/firefox" "-marionette" "-foreground" "-no-remote" "-profile" "/tmp/rust_mozprofileF4UuA4"
1580126243885	addons.webextension.doh-rollout@mozilla.org	WARN	Loading extension 'doh-rollout@mozilla.org': Reading manifest: Invalid extension permission: networkStatus
1580126244206	addons.webextension.screenshots@mozilla.org	WARN	Loading extension 'screenshots@mozilla.org': Reading manifest: Invalid extension permission: mozillaAddons
1580126244209	addons.webextension.screenshots@mozilla.org	WARN	Loading extension 'screenshots@mozilla.org': Reading manifest: Invalid extension permission: telemetry
1580126244209	addons.webextension.screenshots@mozilla.org	WARN	Loading extension 'screenshots@mozilla.org': Reading manifest: Invalid extension permission: resource://pdf.js/
1580126244209	addons.webextension.screenshots@mozilla.org	WARN	Loading extension 'screenshots@mozilla.org': Reading manifest: Invalid extension permission: about:reader*
1580126246586	Marionette	INFO	Listening on port 36959
1580126246604	Marionette	WARN	TLS certificate errors will be ignored for this session
Jan 27, 2020 5:27:26 PM org.openqa.selenium.remote.ProtocolHandshake createSession
INFO: Detected dialect: W3C
JavaScript warning: https://fundoopush-dev.bridgelabz.com/main.js, line 6616: unreachable code after return statement
JavaScript warning: https://fundoopush-dev.bridgelabz.com/main.js, line 6622: unreachable code after return statement
1580126351943	Marionette	INFO	Stopped listening on port 36959
JavaScript error: , line 0: UnknownError: The operation failed for reasons unrelated to the database itself and not covered by any other error code.
1580126353773	mozrunner::runner	INFO	Running command: "/usr/lib/firefox/firefox" "-marionette" "-foreground" "-no-remote" "-profile" "/tmp/rust_mozprofilemOLb3r"
1580126354423	addons.webextension.doh-rollout@mozilla.org	WARN	Loading extension 'doh-rollout@mozilla.org': Reading manifest: Invalid extension permission: networkStatus
1580126354537	addons.webextension.screenshots@mozilla.org	WARN	Loading extension 'screenshots@mozilla.org': Reading manifest: Invalid extension permission: mozillaAddons
1580126354537	addons.webextension.screenshots@mozilla.org	WARN	Loading extension 'screenshots@mozilla.org': Reading manifest: Invalid extension permission: telemetry
1580126354539	addons.webextension.screenshots@mozilla.org	WARN	Loading extension 'screenshots@mozilla.org': Reading manifest: Invalid extension permission: resource://pdf.js/
1580126354539	addons.webextension.screenshots@mozilla.org	WARN	Loading extension 'screenshots@mozilla.org': Reading manifest: Invalid extension permission: about:reader*
1580126356775	Marionette	INFO	Listening on port 38873
1580126356789	Marionette	WARN	TLS certificate errors will be ignored for this session
Jan 27, 2020 5:29:16 PM org.openqa.selenium.remote.ProtocolHandshake createSession
INFO: Detected dialect: W3C
1580126380880	Marionette	INFO	Stopped listening on port 38873
]]></system-err>
</testsuite>
